2022-11-17 02:04:00,840:INFO:PyCaret Supervised Module
2022-11-17 02:04:00,849:INFO:ML Usecase: classification
2022-11-17 02:04:00,852:INFO:version 2.3.10
2022-11-17 02:04:00,854:INFO:Initializing setup()
2022-11-17 02:04:00,855:INFO:setup(target=Purchase, ml_usecase=classification, available_plots={'parameter': 'Hyperparameters', 'auc': 'AUC', 'confusion_matrix': 'Confusion Matrix', 'threshold': 'Threshold', 'pr': 'Precision Recall', 'error': 'Prediction Error', 'class_report': 'Class Report', 'rfe': 'Feature Selection', 'learning': 'Learning Curve', 'manifold': 'Manifold Learning', 'calibration': 'Calibration Curve', 'vc': 'Validation Curve', 'dimension': 'Dimensions', 'feature': 'Feature Importance', 'feature_all': 'Feature Importance (All)', 'boundary': 'Decision Boundary', 'lift': 'Lift Chart', 'gain': 'Gain Chart', 'tree': 'Decision Tree', 'ks': 'KS Statistic Plot'}, train_size=0.7, test_data=None, preprocess=True, imputation_type=simple, iterative_imputation_iters=5, categorical_features=None, categorical_imputation=constant, categorical_iterative_imputer=lightgbm, ordinal_features=None, high_cardinality_features=None, high_cardinality_method=frequency, numeric_features=None, numeric_imputation=mean, numeric_iterative_imputer=lightgbm, date_features=None, ignore_features=None, normalize=False, normalize_method=zscore, transformation=False, transformation_method=yeo-johnson, handle_unknown_categorical=True, unknown_categorical_method=least_frequent, pca=False, pca_method=linear, pca_components=None, ignore_low_variance=False, combine_rare_levels=False, rare_level_threshold=0.1, bin_numeric_features=None, remove_outliers=False, outliers_threshold=0.05, remove_multicollinearity=False, multicollinearity_threshold=0.9, remove_perfect_collinearity=True, create_clusters=False, cluster_iter=20, polynomial_features=False, polynomial_degree=2, trigonometry_features=False, polynomial_threshold=0.1, group_features=None, group_names=None, feature_selection=False, feature_selection_threshold=0.8, feature_selection_method=classic, feature_interaction=False, feature_ratio=False, interaction_threshold=0.01, fix_imbalance=False, fix_imbalance_method=None, transform_target=False, transform_target_method=box-cox, data_split_shuffle=True, data_split_stratify=False, fold_strategy=stratifiedkfold, fold=10, fold_shuffle=False, fold_groups=None, n_jobs=-1, use_gpu=False, custom_pipeline=None, html=True, session_id=None, log_experiment=False, experiment_name=None, experiment_custom_tags=None, log_plots=False, log_profile=False, log_data=False, silent=False, verbose=True, profile=False, profile_kwargs=None, display=None)
2022-11-17 02:04:00,855:INFO:Checking environment
2022-11-17 02:04:00,856:INFO:python_version: 3.8.15
2022-11-17 02:04:00,857:INFO:python_build: ('default', 'Nov  4 2022 15:16:59')
2022-11-17 02:04:00,858:INFO:machine: AMD64
2022-11-17 02:04:00,858:INFO:platform: Windows-10-10.0.22000-SP0
2022-11-17 02:04:00,859:INFO:Memory: svmem(total=8439181312, available=1546985472, percent=81.7, used=6892195840, free=1546985472)
2022-11-17 02:04:00,860:INFO:Physical Core: 4
2022-11-17 02:04:00,860:INFO:Logical Core: 8
2022-11-17 02:04:00,861:INFO:Checking libraries
2022-11-17 02:04:00,861:INFO:pd==1.5.1
2022-11-17 02:04:00,862:INFO:numpy==1.20.3
2022-11-17 02:04:00,863:INFO:sklearn==0.23.2
2022-11-17 02:04:00,865:INFO:lightgbm==3.3.3
2022-11-17 02:04:00,875:WARNING:catboost not found
2022-11-17 02:04:00,886:WARNING:xgboost not found
2022-11-17 02:04:00,887:INFO:mlflow==2.0.1
2022-11-17 02:04:00,888:INFO:Checking Exceptions
2022-11-17 02:04:00,889:INFO:Declaring global variables
2022-11-17 02:04:00,890:INFO:USI: 7c91
2022-11-17 02:04:00,890:INFO:pycaret_globals: {'master_model_container', 'fold_generator', 'exp_name_log', 'transform_target_method_param', '_internal_pipeline', 'logging_param', '_gpu_n_jobs_param', '_all_metrics', 'create_model_container', 'imputation_classifier', 'log_plots_param', 'USI', 'stratify_param', 'gpu_param', '_all_models', 'prep_pipe', 'experiment__', 'fold_groups_param', 'fold_groups_param_full', 'X_test', 'X_train', 'seed', 'display_container', 'pycaret_globals', 'html_param', 'target_param', 'fold_shuffle_param', 'fix_imbalance_method_param', '_ml_usecase', 'iterative_imputation_iters_param', 'data_before_preprocess', 'imputation_regressor', 'X', 'dashboard_logger', 'y_train', 'fix_imbalance_param', 'y_test', 'transform_target_param', 'fold_param', '_available_plots', '_all_models_internal', 'y', 'n_jobs_param'}
2022-11-17 02:04:00,891:INFO:Preparing display monitor
2022-11-17 02:04:00,892:INFO:Preparing display monitor
2022-11-17 02:04:01,078:INFO:Importing libraries
2022-11-17 02:04:01,084:INFO:Copying data for preprocessing
2022-11-17 02:04:01,161:INFO:Declaring preprocessing parameters
2022-11-17 02:04:01,174:INFO:Creating preprocessing pipeline
2022-11-17 02:04:01,337:INFO:Preprocessing pipeline created successfully
2022-11-17 02:04:01,339:ERROR:(Process Exit): setup has been interupted with user command 'quit'. setup must rerun.
2022-11-17 02:04:01,340:INFO:Creating global containers
2022-11-17 02:04:01,359:INFO:Internal pipeline: Pipeline(memory=None, steps=[('empty_step', 'passthrough')], verbose=False)
2022-11-17 02:10:08,035:WARNING:Couldn't import xgboost.XGBClassifier
2022-11-17 02:10:08,038:WARNING:Couldn't import catboost.CatBoostClassifier
2022-11-17 02:10:08,312:WARNING:Couldn't import xgboost.XGBClassifier
2022-11-17 02:10:08,317:WARNING:Couldn't import catboost.CatBoostClassifier
2022-11-17 02:10:08,318:INFO:Creating grid variables
2022-11-17 02:10:08,353:INFO:create_model_container: 0
2022-11-17 02:10:08,353:INFO:master_model_container: 0
2022-11-17 02:10:08,354:INFO:display_container: 1
2022-11-17 02:10:08,375:INFO:Pipeline(memory=None,
         steps=[('dtypes',
                 DataTypes_Auto_infer(categorical_features=[],
                                      display_types=True, features_todrop=[],
                                      id_columns=['Id'],
                                      ml_usecase='classification',
                                      numerical_features=[], target='Purchase',
                                      time_features=[])),
                ('imputer',
                 Simple_Imputer(categorical_strategy='not_available',
                                fill_value_categorical=None,
                                fill_value_numerical=None,
                                numeric...
                ('scaling', 'passthrough'), ('P_transform', 'passthrough'),
                ('binn', 'passthrough'), ('rem_outliers', 'passthrough'),
                ('cluster_all', 'passthrough'),
                ('dummy', Dummify(target='Purchase')),
                ('fix_perfect', Remove_100(target='Purchase')),
                ('clean_names', Clean_Colum_Names()),
                ('feature_select', 'passthrough'), ('fix_multi', 'passthrough'),
                ('dfs', 'passthrough'), ('pca', 'passthrough')],
         verbose=False)
2022-11-17 02:10:08,375:INFO:setup() succesfully completed......................................
2022-11-17 02:14:16,296:INFO:PyCaret Supervised Module
2022-11-17 02:14:16,297:INFO:ML Usecase: classification
2022-11-17 02:14:16,298:INFO:version 2.3.10
2022-11-17 02:14:16,299:INFO:Initializing setup()
2022-11-17 02:14:16,299:INFO:setup(target=default, ml_usecase=classification, available_plots={'parameter': 'Hyperparameters', 'auc': 'AUC', 'confusion_matrix': 'Confusion Matrix', 'threshold': 'Threshold', 'pr': 'Precision Recall', 'error': 'Prediction Error', 'class_report': 'Class Report', 'rfe': 'Feature Selection', 'learning': 'Learning Curve', 'manifold': 'Manifold Learning', 'calibration': 'Calibration Curve', 'vc': 'Validation Curve', 'dimension': 'Dimensions', 'feature': 'Feature Importance', 'feature_all': 'Feature Importance (All)', 'boundary': 'Decision Boundary', 'lift': 'Lift Chart', 'gain': 'Gain Chart', 'tree': 'Decision Tree', 'ks': 'KS Statistic Plot'}, train_size=0.7, test_data=None, preprocess=True, imputation_type=simple, iterative_imputation_iters=5, categorical_features=None, categorical_imputation=constant, categorical_iterative_imputer=lightgbm, ordinal_features=None, high_cardinality_features=None, high_cardinality_method=frequency, numeric_features=None, numeric_imputation=mean, numeric_iterative_imputer=lightgbm, date_features=None, ignore_features=None, normalize=False, normalize_method=zscore, transformation=False, transformation_method=yeo-johnson, handle_unknown_categorical=True, unknown_categorical_method=least_frequent, pca=False, pca_method=linear, pca_components=None, ignore_low_variance=False, combine_rare_levels=False, rare_level_threshold=0.1, bin_numeric_features=None, remove_outliers=False, outliers_threshold=0.05, remove_multicollinearity=False, multicollinearity_threshold=0.9, remove_perfect_collinearity=True, create_clusters=False, cluster_iter=20, polynomial_features=False, polynomial_degree=2, trigonometry_features=False, polynomial_threshold=0.1, group_features=None, group_names=None, feature_selection=False, feature_selection_threshold=0.8, feature_selection_method=classic, feature_interaction=False, feature_ratio=False, interaction_threshold=0.01, fix_imbalance=False, fix_imbalance_method=None, transform_target=False, transform_target_method=box-cox, data_split_shuffle=True, data_split_stratify=False, fold_strategy=stratifiedkfold, fold=10, fold_shuffle=False, fold_groups=None, n_jobs=-1, use_gpu=False, custom_pipeline=None, html=True, session_id=123, log_experiment=False, experiment_name=None, experiment_custom_tags=None, log_plots=False, log_profile=False, log_data=False, silent=False, verbose=True, profile=False, profile_kwargs=None, display=None)
2022-11-17 02:14:16,300:INFO:Checking environment
2022-11-17 02:14:16,301:INFO:python_version: 3.8.15
2022-11-17 02:14:16,302:INFO:python_build: ('default', 'Nov  4 2022 15:16:59')
2022-11-17 02:14:16,302:INFO:machine: AMD64
2022-11-17 02:14:16,303:INFO:platform: Windows-10-10.0.22000-SP0
2022-11-17 02:14:16,303:INFO:Memory: svmem(total=8439181312, available=1738719232, percent=79.4, used=6700462080, free=1738719232)
2022-11-17 02:14:16,304:INFO:Physical Core: 4
2022-11-17 02:14:16,304:INFO:Logical Core: 8
2022-11-17 02:14:16,304:INFO:Checking libraries
2022-11-17 02:14:16,304:INFO:pd==1.5.1
2022-11-17 02:14:16,305:INFO:numpy==1.20.3
2022-11-17 02:14:16,305:INFO:sklearn==0.23.2
2022-11-17 02:14:16,305:INFO:lightgbm==3.3.3
2022-11-17 02:14:16,310:WARNING:catboost not found
2022-11-17 02:14:16,314:WARNING:xgboost not found
2022-11-17 02:14:16,314:INFO:mlflow==2.0.1
2022-11-17 02:14:16,315:INFO:Checking Exceptions
2022-11-17 02:14:16,316:INFO:Declaring global variables
2022-11-17 02:14:16,316:INFO:USI: a9a4
2022-11-17 02:14:16,316:INFO:pycaret_globals: {'master_model_container', 'fold_generator', 'exp_name_log', 'transform_target_method_param', '_internal_pipeline', 'logging_param', '_gpu_n_jobs_param', '_all_metrics', 'create_model_container', 'imputation_classifier', 'log_plots_param', 'USI', 'stratify_param', 'gpu_param', '_all_models', 'prep_pipe', 'experiment__', 'fold_groups_param', 'fold_groups_param_full', 'X_test', 'X_train', 'seed', 'display_container', 'pycaret_globals', 'html_param', 'target_param', 'fold_shuffle_param', 'fix_imbalance_method_param', '_ml_usecase', 'iterative_imputation_iters_param', 'data_before_preprocess', 'imputation_regressor', 'X', 'dashboard_logger', 'y_train', 'fix_imbalance_param', 'y_test', 'transform_target_param', 'fold_param', '_available_plots', '_all_models_internal', 'y', 'n_jobs_param'}
2022-11-17 02:14:16,317:INFO:Preparing display monitor
2022-11-17 02:14:16,317:INFO:Preparing display monitor
2022-11-17 02:14:16,361:INFO:Importing libraries
2022-11-17 02:14:16,362:INFO:Copying data for preprocessing
2022-11-17 02:14:16,396:INFO:Declaring preprocessing parameters
2022-11-17 02:14:16,411:INFO:Creating preprocessing pipeline
2022-11-17 02:14:16,897:INFO:Preprocessing pipeline created successfully
2022-11-17 02:14:16,898:ERROR:(Process Exit): setup has been interupted with user command 'quit'. setup must rerun.
2022-11-17 02:14:16,899:INFO:Creating global containers
2022-11-17 02:14:16,903:INFO:Internal pipeline: Pipeline(memory=None, steps=[('empty_step', 'passthrough')], verbose=False)
2022-11-17 02:14:24,043:WARNING:Couldn't import xgboost.XGBClassifier
2022-11-17 02:14:24,047:WARNING:Couldn't import catboost.CatBoostClassifier
2022-11-17 02:14:24,306:WARNING:Couldn't import xgboost.XGBClassifier
2022-11-17 02:14:24,309:WARNING:Couldn't import catboost.CatBoostClassifier
2022-11-17 02:14:24,310:INFO:Creating grid variables
2022-11-17 02:14:24,342:INFO:create_model_container: 0
2022-11-17 02:14:24,342:INFO:master_model_container: 0
2022-11-17 02:14:24,343:INFO:display_container: 1
2022-11-17 02:14:24,361:INFO:Pipeline(memory=None,
         steps=[('dtypes',
                 DataTypes_Auto_infer(categorical_features=[],
                                      display_types=True, features_todrop=[],
                                      id_columns=[],
                                      ml_usecase='classification',
                                      numerical_features=[], target='default',
                                      time_features=[])),
                ('imputer',
                 Simple_Imputer(categorical_strategy='not_available',
                                fill_value_categorical=None,
                                fill_value_numerical=None,
                                numeric_stra...
                ('scaling', 'passthrough'), ('P_transform', 'passthrough'),
                ('binn', 'passthrough'), ('rem_outliers', 'passthrough'),
                ('cluster_all', 'passthrough'),
                ('dummy', Dummify(target='default')),
                ('fix_perfect', Remove_100(target='default')),
                ('clean_names', Clean_Colum_Names()),
                ('feature_select', 'passthrough'), ('fix_multi', 'passthrough'),
                ('dfs', 'passthrough'), ('pca', 'passthrough')],
         verbose=False)
2022-11-17 02:14:24,361:INFO:setup() succesfully completed......................................
2022-11-17 02:14:37,155:INFO:Initializing compare_models()
2022-11-17 02:14:37,156:INFO:compare_models(include=None, fold=None, round=4, cross_validation=True, sort=Accuracy, n_select=1, budget_time=None, turbo=True, errors=ignore, fit_kwargs=None, groups=None, experiment_custom_tags=None, probability_threshold=None, verbose=True, display=None, exclude=None)
2022-11-17 02:14:37,157:INFO:Checking exceptions
2022-11-17 02:14:37,160:INFO:Preparing display monitor
2022-11-17 02:14:37,161:INFO:Preparing display monitor
2022-11-17 02:14:37,226:INFO:Initializing Logistic Regression
2022-11-17 02:14:37,226:INFO:Total runtime is 0.0 minutes
2022-11-17 02:14:37,250:INFO:SubProcess create_model() called ==================================
2022-11-17 02:14:37,251:INFO:Initializing create_model()
2022-11-17 02:14:37,251:INFO:create_model(estimator=lr, fold=StratifiedKFold(n_splits=10, random_state=None, shuffle=False), round=4, cross_validation=True, predict=True, fit_kwargs={}, groups=None, refit=False, verbose=False, system=False, metrics=None, experiment_custom_tags=None, add_to_model_list=True, probability_threshold=None, display=<pycaret.internal.Display.Display object at 0x000001ECDFB6ACA0>, return_train_score=False, kwargs={})
2022-11-17 02:14:37,252:INFO:Checking exceptions
2022-11-17 02:14:37,252:INFO:Importing libraries
2022-11-17 02:14:37,253:INFO:Copying training dataset
2022-11-17 02:14:37,273:INFO:Defining folds
2022-11-17 02:14:37,274:INFO:Declaring metric variables
2022-11-17 02:14:37,301:INFO:Importing untrained model
2022-11-17 02:14:37,320:INFO:Logistic Regression Imported succesfully
2022-11-17 02:14:37,360:INFO:Starting cross validation
2022-11-17 02:14:37,361:INFO:Cross validating with StratifiedKFold(n_splits=10, random_state=None, shuffle=False), n_jobs=-1
2022-11-17 02:15:19,092:INFO:Calculating mean and std
2022-11-17 02:15:19,096:INFO:Creating metrics dataframe
2022-11-17 02:15:19,112:INFO:Uploading results into container
2022-11-17 02:15:19,112:INFO:Uploading model into container now
2022-11-17 02:15:19,112:INFO:create_model_container: 1
2022-11-17 02:15:19,113:INFO:master_model_container: 1
2022-11-17 02:15:19,113:INFO:display_container: 2
2022-11-17 02:15:19,114:INFO:LogisticRegression(C=1.0, class_weight=None, dual=False, fit_intercept=True,
                   intercept_scaling=1, l1_ratio=None, max_iter=1000,
                   multi_class='auto', n_jobs=None, penalty='l2',
                   random_state=123, solver='lbfgs', tol=0.0001, verbose=0,
                   warm_start=False)
2022-11-17 02:15:19,114:INFO:create_model() succesfully completed......................................
2022-11-17 02:15:19,327:INFO:SubProcess create_model() end ==================================
2022-11-17 02:15:19,327:INFO:Creating metrics dataframe
2022-11-17 02:15:19,356:INFO:Initializing K Neighbors Classifier
2022-11-17 02:15:19,357:INFO:Total runtime is 0.702193820476532 minutes
2022-11-17 02:15:19,380:INFO:SubProcess create_model() called ==================================
2022-11-17 02:15:19,381:INFO:Initializing create_model()
2022-11-17 02:15:19,383:INFO:create_model(estimator=knn, fold=StratifiedKFold(n_splits=10, random_state=None, shuffle=False), round=4, cross_validation=True, predict=True, fit_kwargs={}, groups=None, refit=False, verbose=False, system=False, metrics=None, experiment_custom_tags=None, add_to_model_list=True, probability_threshold=None, display=<pycaret.internal.Display.Display object at 0x000001ECDFB6ACA0>, return_train_score=False, kwargs={})
2022-11-17 02:15:19,383:INFO:Checking exceptions
2022-11-17 02:15:19,384:INFO:Importing libraries
2022-11-17 02:15:19,385:INFO:Copying training dataset
2022-11-17 02:15:19,397:INFO:Defining folds
2022-11-17 02:15:19,397:INFO:Declaring metric variables
2022-11-17 02:15:19,428:INFO:Importing untrained model
2022-11-17 02:15:19,455:INFO:K Neighbors Classifier Imported succesfully
2022-11-17 02:15:19,523:INFO:Starting cross validation
2022-11-17 02:15:19,525:INFO:Cross validating with StratifiedKFold(n_splits=10, random_state=None, shuffle=False), n_jobs=-1
2022-11-17 02:15:27,275:INFO:Calculating mean and std
2022-11-17 02:15:27,278:INFO:Creating metrics dataframe
2022-11-17 02:15:27,292:INFO:Uploading results into container
2022-11-17 02:15:27,293:INFO:Uploading model into container now
2022-11-17 02:15:27,294:INFO:create_model_container: 2
2022-11-17 02:15:27,294:INFO:master_model_container: 2
2022-11-17 02:15:27,294:INFO:display_container: 2
2022-11-17 02:15:27,295:INFO:KNeighborsClassifier(algorithm='auto', leaf_size=30, metric='minkowski',
                     metric_params=None, n_jobs=-1, n_neighbors=5, p=2,
                     weights='uniform')
2022-11-17 02:15:27,296:INFO:create_model() succesfully completed......................................
2022-11-17 02:15:27,537:INFO:SubProcess create_model() end ==================================
2022-11-17 02:15:27,538:INFO:Creating metrics dataframe
2022-11-17 02:15:27,590:INFO:Initializing Naive Bayes
2022-11-17 02:15:27,591:INFO:Total runtime is 0.8394298672676086 minutes
2022-11-17 02:15:27,627:INFO:SubProcess create_model() called ==================================
2022-11-17 02:15:27,628:INFO:Initializing create_model()
2022-11-17 02:15:27,630:INFO:create_model(estimator=nb, fold=StratifiedKFold(n_splits=10, random_state=None, shuffle=False), round=4, cross_validation=True, predict=True, fit_kwargs={}, groups=None, refit=False, verbose=False, system=False, metrics=None, experiment_custom_tags=None, add_to_model_list=True, probability_threshold=None, display=<pycaret.internal.Display.Display object at 0x000001ECDFB6ACA0>, return_train_score=False, kwargs={})
2022-11-17 02:15:27,631:INFO:Checking exceptions
2022-11-17 02:15:27,631:INFO:Importing libraries
2022-11-17 02:15:27,631:INFO:Copying training dataset
2022-11-17 02:15:27,649:INFO:Defining folds
2022-11-17 02:15:27,652:INFO:Declaring metric variables
2022-11-17 02:15:27,691:INFO:Importing untrained model
2022-11-17 02:15:27,726:INFO:Naive Bayes Imported succesfully
2022-11-17 02:15:27,799:INFO:Starting cross validation
2022-11-17 02:15:27,804:INFO:Cross validating with StratifiedKFold(n_splits=10, random_state=None, shuffle=False), n_jobs=-1
2022-11-17 02:15:28,459:INFO:Calculating mean and std
2022-11-17 02:15:28,461:INFO:Creating metrics dataframe
2022-11-17 02:15:28,480:INFO:Uploading results into container
2022-11-17 02:15:28,480:INFO:Uploading model into container now
2022-11-17 02:15:28,481:INFO:create_model_container: 3
2022-11-17 02:15:28,482:INFO:master_model_container: 3
2022-11-17 02:15:28,482:INFO:display_container: 2
2022-11-17 02:15:28,483:INFO:GaussianNB(priors=None, var_smoothing=1e-09)
2022-11-17 02:15:28,484:INFO:create_model() succesfully completed......................................
2022-11-17 02:15:28,747:INFO:SubProcess create_model() end ==================================
2022-11-17 02:15:28,747:INFO:Creating metrics dataframe
2022-11-17 02:15:28,795:INFO:Initializing Decision Tree Classifier
2022-11-17 02:15:28,795:INFO:Total runtime is 0.8594946821530659 minutes
2022-11-17 02:15:28,829:INFO:SubProcess create_model() called ==================================
2022-11-17 02:15:28,831:INFO:Initializing create_model()
2022-11-17 02:15:28,832:INFO:create_model(estimator=dt, fold=StratifiedKFold(n_splits=10, random_state=None, shuffle=False), round=4, cross_validation=True, predict=True, fit_kwargs={}, groups=None, refit=False, verbose=False, system=False, metrics=None, experiment_custom_tags=None, add_to_model_list=True, probability_threshold=None, display=<pycaret.internal.Display.Display object at 0x000001ECDFB6ACA0>, return_train_score=False, kwargs={})
2022-11-17 02:15:28,832:INFO:Checking exceptions
2022-11-17 02:15:28,832:INFO:Importing libraries
2022-11-17 02:15:28,833:INFO:Copying training dataset
2022-11-17 02:15:28,849:INFO:Defining folds
2022-11-17 02:15:28,850:INFO:Declaring metric variables
2022-11-17 02:15:28,897:INFO:Importing untrained model
2022-11-17 02:15:28,941:INFO:Decision Tree Classifier Imported succesfully
2022-11-17 02:15:29,034:INFO:Starting cross validation
2022-11-17 02:15:29,039:INFO:Cross validating with StratifiedKFold(n_splits=10, random_state=None, shuffle=False), n_jobs=-1
2022-11-17 02:15:34,180:INFO:Calculating mean and std
2022-11-17 02:15:34,183:INFO:Creating metrics dataframe
2022-11-17 02:15:34,202:INFO:Uploading results into container
2022-11-17 02:15:34,203:INFO:Uploading model into container now
2022-11-17 02:15:34,204:INFO:create_model_container: 4
2022-11-17 02:15:34,205:INFO:master_model_container: 4
2022-11-17 02:15:34,206:INFO:display_container: 2
2022-11-17 02:15:34,208:INFO:DecisionTreeClassifier(ccp_alpha=0.0, class_weight=None, criterion='gini',
                       max_depth=None, max_features=None, max_leaf_nodes=None,
                       min_impurity_decrease=0.0, min_impurity_split=None,
                       min_samples_leaf=1, min_samples_split=2,
                       min_weight_fraction_leaf=0.0, presort='deprecated',
                       random_state=123, splitter='best')
2022-11-17 02:15:34,208:INFO:create_model() succesfully completed......................................
2022-11-17 02:15:34,464:INFO:SubProcess create_model() end ==================================
2022-11-17 02:15:34,465:INFO:Creating metrics dataframe
2022-11-17 02:15:34,540:INFO:Initializing SVM - Linear Kernel
2022-11-17 02:15:34,541:INFO:Total runtime is 0.9552499969800312 minutes
2022-11-17 02:15:34,583:INFO:SubProcess create_model() called ==================================
2022-11-17 02:15:34,584:INFO:Initializing create_model()
2022-11-17 02:15:34,586:INFO:create_model(estimator=svm, fold=StratifiedKFold(n_splits=10, random_state=None, shuffle=False), round=4, cross_validation=True, predict=True, fit_kwargs={}, groups=None, refit=False, verbose=False, system=False, metrics=None, experiment_custom_tags=None, add_to_model_list=True, probability_threshold=None, display=<pycaret.internal.Display.Display object at 0x000001ECDFB6ACA0>, return_train_score=False, kwargs={})
2022-11-17 02:15:34,586:INFO:Checking exceptions
2022-11-17 02:15:34,587:INFO:Importing libraries
2022-11-17 02:15:34,587:INFO:Copying training dataset
2022-11-17 02:15:34,609:INFO:Defining folds
2022-11-17 02:15:34,610:INFO:Declaring metric variables
2022-11-17 02:15:34,664:INFO:Importing untrained model
2022-11-17 02:15:34,713:INFO:SVM - Linear Kernel Imported succesfully
2022-11-17 02:15:34,798:INFO:Starting cross validation
2022-11-17 02:15:34,799:INFO:Cross validating with StratifiedKFold(n_splits=10, random_state=None, shuffle=False), n_jobs=-1
2022-11-17 02:15:41,226:INFO:Calculating mean and std
2022-11-17 02:15:41,230:INFO:Creating metrics dataframe
2022-11-17 02:15:41,255:INFO:Uploading results into container
2022-11-17 02:15:41,256:INFO:Uploading model into container now
2022-11-17 02:15:41,258:INFO:create_model_container: 5
2022-11-17 02:15:41,259:INFO:master_model_container: 5
2022-11-17 02:15:41,260:INFO:display_container: 2
2022-11-17 02:15:41,262:INFO:SGDClassifier(alpha=0.0001, average=False, class_weight=None,
              early_stopping=False, epsilon=0.1, eta0=0.001, fit_intercept=True,
              l1_ratio=0.15, learning_rate='optimal', loss='hinge',
              max_iter=1000, n_iter_no_change=5, n_jobs=-1, penalty='l2',
              power_t=0.5, random_state=123, shuffle=True, tol=0.001,
              validation_fraction=0.1, verbose=0, warm_start=False)
2022-11-17 02:15:41,263:INFO:create_model() succesfully completed......................................
2022-11-17 02:15:41,564:INFO:SubProcess create_model() end ==================================
2022-11-17 02:15:41,565:INFO:Creating metrics dataframe
2022-11-17 02:15:41,645:INFO:Initializing Ridge Classifier
2022-11-17 02:15:41,646:INFO:Total runtime is 1.0736729979515074 minutes
2022-11-17 02:15:41,686:INFO:SubProcess create_model() called ==================================
2022-11-17 02:15:41,692:INFO:Initializing create_model()
2022-11-17 02:15:41,693:INFO:create_model(estimator=ridge, fold=StratifiedKFold(n_splits=10, random_state=None, shuffle=False), round=4, cross_validation=True, predict=True, fit_kwargs={}, groups=None, refit=False, verbose=False, system=False, metrics=None, experiment_custom_tags=None, add_to_model_list=True, probability_threshold=None, display=<pycaret.internal.Display.Display object at 0x000001ECDFB6ACA0>, return_train_score=False, kwargs={})
2022-11-17 02:15:41,694:INFO:Checking exceptions
2022-11-17 02:15:41,694:INFO:Importing libraries
2022-11-17 02:15:41,694:INFO:Copying training dataset
2022-11-17 02:15:41,712:INFO:Defining folds
2022-11-17 02:15:41,713:INFO:Declaring metric variables
2022-11-17 02:15:41,758:INFO:Importing untrained model
2022-11-17 02:15:41,807:INFO:Ridge Classifier Imported succesfully
2022-11-17 02:15:41,898:INFO:Starting cross validation
2022-11-17 02:15:41,903:INFO:Cross validating with StratifiedKFold(n_splits=10, random_state=None, shuffle=False), n_jobs=-1
2022-11-17 02:15:42,745:INFO:Calculating mean and std
2022-11-17 02:15:42,749:INFO:Creating metrics dataframe
2022-11-17 02:15:42,786:INFO:Uploading results into container
2022-11-17 02:15:42,787:INFO:Uploading model into container now
2022-11-17 02:15:42,787:INFO:create_model_container: 6
2022-11-17 02:15:42,790:INFO:master_model_container: 6
2022-11-17 02:15:42,791:INFO:display_container: 2
2022-11-17 02:15:42,794:INFO:RidgeClassifier(alpha=1.0, class_weight=None, copy_X=True, fit_intercept=True,
                max_iter=None, normalize=False, random_state=123, solver='auto',
                tol=0.001)
2022-11-17 02:15:42,795:INFO:create_model() succesfully completed......................................
2022-11-17 02:15:43,200:INFO:SubProcess create_model() end ==================================
2022-11-17 02:15:43,201:INFO:Creating metrics dataframe
2022-11-17 02:15:43,279:INFO:Initializing Random Forest Classifier
2022-11-17 02:15:43,280:INFO:Total runtime is 1.1009011069933572 minutes
2022-11-17 02:15:43,336:INFO:SubProcess create_model() called ==================================
2022-11-17 02:15:43,339:INFO:Initializing create_model()
2022-11-17 02:15:43,343:INFO:create_model(estimator=rf, fold=StratifiedKFold(n_splits=10, random_state=None, shuffle=False), round=4, cross_validation=True, predict=True, fit_kwargs={}, groups=None, refit=False, verbose=False, system=False, metrics=None, experiment_custom_tags=None, add_to_model_list=True, probability_threshold=None, display=<pycaret.internal.Display.Display object at 0x000001ECDFB6ACA0>, return_train_score=False, kwargs={})
2022-11-17 02:15:43,343:INFO:Checking exceptions
2022-11-17 02:15:43,344:INFO:Importing libraries
2022-11-17 02:15:43,344:INFO:Copying training dataset
2022-11-17 02:15:43,369:INFO:Defining folds
2022-11-17 02:15:43,370:INFO:Declaring metric variables
2022-11-17 02:15:43,435:INFO:Importing untrained model
2022-11-17 02:15:43,503:INFO:Random Forest Classifier Imported succesfully
2022-11-17 02:15:43,644:INFO:Starting cross validation
2022-11-17 02:15:43,648:INFO:Cross validating with StratifiedKFold(n_splits=10, random_state=None, shuffle=False), n_jobs=-1
2022-11-17 02:16:10,551:INFO:Calculating mean and std
2022-11-17 02:16:10,554:INFO:Creating metrics dataframe
2022-11-17 02:16:10,573:INFO:Uploading results into container
2022-11-17 02:16:10,574:INFO:Uploading model into container now
2022-11-17 02:16:10,574:INFO:create_model_container: 7
2022-11-17 02:16:10,575:INFO:master_model_container: 7
2022-11-17 02:16:10,575:INFO:display_container: 2
2022-11-17 02:16:10,578:INFO:RandomForestClassifier(bootstrap=True, ccp_alpha=0.0, class_weight=None,
                       criterion='gini', max_depth=None, max_features='auto',
                       max_leaf_nodes=None, max_samples=None,
                       min_impurity_decrease=0.0, min_impurity_split=None,
                       min_samples_leaf=1, min_samples_split=2,
                       min_weight_fraction_leaf=0.0, n_estimators=100,
                       n_jobs=-1, oob_score=False, random_state=123, verbose=0,
                       warm_start=False)
2022-11-17 02:16:10,578:INFO:create_model() succesfully completed......................................
2022-11-17 02:16:10,820:INFO:SubProcess create_model() end ==================================
2022-11-17 02:16:10,820:INFO:Creating metrics dataframe
2022-11-17 02:16:10,856:INFO:Initializing Quadratic Discriminant Analysis
2022-11-17 02:16:10,857:INFO:Total runtime is 1.560517640908559 minutes
2022-11-17 02:16:10,888:INFO:SubProcess create_model() called ==================================
2022-11-17 02:16:10,889:INFO:Initializing create_model()
2022-11-17 02:16:10,889:INFO:create_model(estimator=qda, fold=StratifiedKFold(n_splits=10, random_state=None, shuffle=False), round=4, cross_validation=True, predict=True, fit_kwargs={}, groups=None, refit=False, verbose=False, system=False, metrics=None, experiment_custom_tags=None, add_to_model_list=True, probability_threshold=None, display=<pycaret.internal.Display.Display object at 0x000001ECDFB6ACA0>, return_train_score=False, kwargs={})
2022-11-17 02:16:10,890:INFO:Checking exceptions
2022-11-17 02:16:10,891:INFO:Importing libraries
2022-11-17 02:16:10,891:INFO:Copying training dataset
2022-11-17 02:16:10,905:INFO:Defining folds
2022-11-17 02:16:10,906:INFO:Declaring metric variables
2022-11-17 02:16:10,946:INFO:Importing untrained model
2022-11-17 02:16:10,984:INFO:Quadratic Discriminant Analysis Imported succesfully
2022-11-17 02:16:11,053:INFO:Starting cross validation
2022-11-17 02:16:11,055:INFO:Cross validating with StratifiedKFold(n_splits=10, random_state=None, shuffle=False), n_jobs=-1
2022-11-17 02:16:13,738:INFO:Calculating mean and std
2022-11-17 02:16:13,742:INFO:Creating metrics dataframe
2022-11-17 02:16:13,767:INFO:Uploading results into container
2022-11-17 02:16:13,768:INFO:Uploading model into container now
2022-11-17 02:16:13,769:INFO:create_model_container: 8
2022-11-17 02:16:13,769:INFO:master_model_container: 8
2022-11-17 02:16:13,770:INFO:display_container: 2
2022-11-17 02:16:13,771:INFO:QuadraticDiscriminantAnalysis(priors=None, reg_param=0.0,
                              store_covariance=False, tol=0.0001)
2022-11-17 02:16:13,771:INFO:create_model() succesfully completed......................................
2022-11-17 02:16:14,038:INFO:SubProcess create_model() end ==================================
2022-11-17 02:16:14,038:INFO:Creating metrics dataframe
2022-11-17 02:16:14,093:INFO:Initializing Ada Boost Classifier
2022-11-17 02:16:14,093:INFO:Total runtime is 1.6144602775573729 minutes
2022-11-17 02:16:14,128:INFO:SubProcess create_model() called ==================================
2022-11-17 02:16:14,131:INFO:Initializing create_model()
2022-11-17 02:16:14,133:INFO:create_model(estimator=ada, fold=StratifiedKFold(n_splits=10, random_state=None, shuffle=False), round=4, cross_validation=True, predict=True, fit_kwargs={}, groups=None, refit=False, verbose=False, system=False, metrics=None, experiment_custom_tags=None, add_to_model_list=True, probability_threshold=None, display=<pycaret.internal.Display.Display object at 0x000001ECDFB6ACA0>, return_train_score=False, kwargs={})
2022-11-17 02:16:14,134:INFO:Checking exceptions
2022-11-17 02:16:14,135:INFO:Importing libraries
2022-11-17 02:16:14,135:INFO:Copying training dataset
2022-11-17 02:16:14,152:INFO:Defining folds
2022-11-17 02:16:14,153:INFO:Declaring metric variables
2022-11-17 02:16:14,186:INFO:Importing untrained model
2022-11-17 02:16:14,220:INFO:Ada Boost Classifier Imported succesfully
2022-11-17 02:16:14,307:INFO:Starting cross validation
2022-11-17 02:16:14,309:INFO:Cross validating with StratifiedKFold(n_splits=10, random_state=None, shuffle=False), n_jobs=-1
2022-11-17 02:16:25,612:INFO:Calculating mean and std
2022-11-17 02:16:25,615:INFO:Creating metrics dataframe
2022-11-17 02:16:25,631:INFO:Uploading results into container
2022-11-17 02:16:25,631:INFO:Uploading model into container now
2022-11-17 02:16:25,632:INFO:create_model_container: 9
2022-11-17 02:16:25,632:INFO:master_model_container: 9
2022-11-17 02:16:25,632:INFO:display_container: 2
2022-11-17 02:16:25,637:INFO:AdaBoostClassifier(algorithm='SAMME.R', base_estimator=None, learning_rate=1.0,
                   n_estimators=50, random_state=123)
2022-11-17 02:16:25,638:INFO:create_model() succesfully completed......................................
2022-11-17 02:16:25,847:INFO:SubProcess create_model() end ==================================
2022-11-17 02:16:25,848:INFO:Creating metrics dataframe
2022-11-17 02:16:25,903:INFO:Initializing Gradient Boosting Classifier
2022-11-17 02:16:25,904:INFO:Total runtime is 1.811311614513397 minutes
2022-11-17 02:16:25,929:INFO:SubProcess create_model() called ==================================
2022-11-17 02:16:25,930:INFO:Initializing create_model()
2022-11-17 02:16:25,931:INFO:create_model(estimator=gbc, fold=StratifiedKFold(n_splits=10, random_state=None, shuffle=False), round=4, cross_validation=True, predict=True, fit_kwargs={}, groups=None, refit=False, verbose=False, system=False, metrics=None, experiment_custom_tags=None, add_to_model_list=True, probability_threshold=None, display=<pycaret.internal.Display.Display object at 0x000001ECDFB6ACA0>, return_train_score=False, kwargs={})
2022-11-17 02:16:25,931:INFO:Checking exceptions
2022-11-17 02:16:25,932:INFO:Importing libraries
2022-11-17 02:16:25,932:INFO:Copying training dataset
2022-11-17 02:16:25,945:INFO:Defining folds
2022-11-17 02:16:25,945:INFO:Declaring metric variables
2022-11-17 02:16:25,974:INFO:Importing untrained model
2022-11-17 02:16:26,008:INFO:Gradient Boosting Classifier Imported succesfully
2022-11-17 02:16:26,076:INFO:Starting cross validation
2022-11-17 02:16:26,078:INFO:Cross validating with StratifiedKFold(n_splits=10, random_state=None, shuffle=False), n_jobs=-1
2022-11-17 02:17:10,443:INFO:Calculating mean and std
2022-11-17 02:17:10,448:INFO:Creating metrics dataframe
2022-11-17 02:17:10,458:INFO:Uploading results into container
2022-11-17 02:17:10,459:INFO:Uploading model into container now
2022-11-17 02:17:10,459:INFO:create_model_container: 10
2022-11-17 02:17:10,459:INFO:master_model_container: 10
2022-11-17 02:17:10,460:INFO:display_container: 2
2022-11-17 02:17:10,461:INFO:GradientBoostingClassifier(ccp_alpha=0.0, criterion='friedman_mse', init=None,
                           learning_rate=0.1, loss='deviance', max_depth=3,
                           max_features=None, max_leaf_nodes=None,
                           min_impurity_decrease=0.0, min_impurity_split=None,
                           min_samples_leaf=1, min_samples_split=2,
                           min_weight_fraction_leaf=0.0, n_estimators=100,
                           n_iter_no_change=None, presort='deprecated',
                           random_state=123, subsample=1.0, tol=0.0001,
                           validation_fraction=0.1, verbose=0,
                           warm_start=False)
2022-11-17 02:17:10,462:INFO:create_model() succesfully completed......................................
2022-11-17 02:17:10,650:INFO:SubProcess create_model() end ==================================
2022-11-17 02:17:10,651:INFO:Creating metrics dataframe
2022-11-17 02:17:10,693:INFO:Initializing Linear Discriminant Analysis
2022-11-17 02:17:10,693:INFO:Total runtime is 2.557798333962758 minutes
2022-11-17 02:17:10,721:INFO:SubProcess create_model() called ==================================
2022-11-17 02:17:10,722:INFO:Initializing create_model()
2022-11-17 02:17:10,723:INFO:create_model(estimator=lda, fold=StratifiedKFold(n_splits=10, random_state=None, shuffle=False), round=4, cross_validation=True, predict=True, fit_kwargs={}, groups=None, refit=False, verbose=False, system=False, metrics=None, experiment_custom_tags=None, add_to_model_list=True, probability_threshold=None, display=<pycaret.internal.Display.Display object at 0x000001ECDFB6ACA0>, return_train_score=False, kwargs={})
2022-11-17 02:17:10,724:INFO:Checking exceptions
2022-11-17 02:17:10,724:INFO:Importing libraries
2022-11-17 02:17:10,724:INFO:Copying training dataset
2022-11-17 02:17:10,737:INFO:Defining folds
2022-11-17 02:17:10,737:INFO:Declaring metric variables
2022-11-17 02:17:10,767:INFO:Importing untrained model
2022-11-17 02:17:10,802:INFO:Linear Discriminant Analysis Imported succesfully
2022-11-17 02:17:10,869:INFO:Starting cross validation
2022-11-17 02:17:10,871:INFO:Cross validating with StratifiedKFold(n_splits=10, random_state=None, shuffle=False), n_jobs=-1
2022-11-17 02:17:15,423:INFO:Calculating mean and std
2022-11-17 02:17:15,427:INFO:Creating metrics dataframe
2022-11-17 02:17:15,452:INFO:Uploading results into container
2022-11-17 02:17:15,453:INFO:Uploading model into container now
2022-11-17 02:17:15,453:INFO:create_model_container: 11
2022-11-17 02:17:15,454:INFO:master_model_container: 11
2022-11-17 02:17:15,454:INFO:display_container: 2
2022-11-17 02:17:15,455:INFO:LinearDiscriminantAnalysis(n_components=None, priors=None, shrinkage=None,
                           solver='svd', store_covariance=False, tol=0.0001)
2022-11-17 02:17:15,456:INFO:create_model() succesfully completed......................................
2022-11-17 02:17:15,773:INFO:SubProcess create_model() end ==================================
2022-11-17 02:17:15,773:INFO:Creating metrics dataframe
2022-11-17 02:17:15,842:INFO:Initializing Extra Trees Classifier
2022-11-17 02:17:15,843:INFO:Total runtime is 2.643621997038523 minutes
2022-11-17 02:17:15,884:INFO:SubProcess create_model() called ==================================
2022-11-17 02:17:15,886:INFO:Initializing create_model()
2022-11-17 02:17:15,886:INFO:create_model(estimator=et, fold=StratifiedKFold(n_splits=10, random_state=None, shuffle=False), round=4, cross_validation=True, predict=True, fit_kwargs={}, groups=None, refit=False, verbose=False, system=False, metrics=None, experiment_custom_tags=None, add_to_model_list=True, probability_threshold=None, display=<pycaret.internal.Display.Display object at 0x000001ECDFB6ACA0>, return_train_score=False, kwargs={})
2022-11-17 02:17:15,887:INFO:Checking exceptions
2022-11-17 02:17:15,887:INFO:Importing libraries
2022-11-17 02:17:15,888:INFO:Copying training dataset
2022-11-17 02:17:15,904:INFO:Defining folds
2022-11-17 02:17:15,905:INFO:Declaring metric variables
2022-11-17 02:17:15,945:INFO:Importing untrained model
2022-11-17 02:17:15,991:INFO:Extra Trees Classifier Imported succesfully
2022-11-17 02:17:16,126:INFO:Starting cross validation
2022-11-17 02:17:16,132:INFO:Cross validating with StratifiedKFold(n_splits=10, random_state=None, shuffle=False), n_jobs=-1
2022-11-17 02:17:47,552:INFO:Calculating mean and std
2022-11-17 02:17:47,559:INFO:Creating metrics dataframe
2022-11-17 02:17:47,593:INFO:Uploading results into container
2022-11-17 02:17:47,594:INFO:Uploading model into container now
2022-11-17 02:17:47,595:INFO:create_model_container: 12
2022-11-17 02:17:47,595:INFO:master_model_container: 12
2022-11-17 02:17:47,596:INFO:display_container: 2
2022-11-17 02:17:47,599:INFO:ExtraTreesClassifier(bootstrap=False, ccp_alpha=0.0, class_weight=None,
                     criterion='gini', max_depth=None, max_features='auto',
                     max_leaf_nodes=None, max_samples=None,
                     min_impurity_decrease=0.0, min_impurity_split=None,
                     min_samples_leaf=1, min_samples_split=2,
                     min_weight_fraction_leaf=0.0, n_estimators=100, n_jobs=-1,
                     oob_score=False, random_state=123, verbose=0,
                     warm_start=False)
2022-11-17 02:17:47,599:INFO:create_model() succesfully completed......................................
2022-11-17 02:17:47,900:INFO:SubProcess create_model() end ==================================
2022-11-17 02:17:47,901:INFO:Creating metrics dataframe
2022-11-17 02:17:48,004:INFO:Initializing Light Gradient Boosting Machine
2022-11-17 02:17:48,005:INFO:Total runtime is 3.1796511928240454 minutes
2022-11-17 02:17:48,045:INFO:SubProcess create_model() called ==================================
2022-11-17 02:17:48,047:INFO:Initializing create_model()
2022-11-17 02:17:48,047:INFO:create_model(estimator=lightgbm, fold=StratifiedKFold(n_splits=10, random_state=None, shuffle=False), round=4, cross_validation=True, predict=True, fit_kwargs={}, groups=None, refit=False, verbose=False, system=False, metrics=None, experiment_custom_tags=None, add_to_model_list=True, probability_threshold=None, display=<pycaret.internal.Display.Display object at 0x000001ECDFB6ACA0>, return_train_score=False, kwargs={})
2022-11-17 02:17:48,048:INFO:Checking exceptions
2022-11-17 02:17:48,048:INFO:Importing libraries
2022-11-17 02:17:48,049:INFO:Copying training dataset
2022-11-17 02:17:48,064:INFO:Defining folds
2022-11-17 02:17:48,064:INFO:Declaring metric variables
2022-11-17 02:17:48,102:INFO:Importing untrained model
2022-11-17 02:17:48,150:INFO:Light Gradient Boosting Machine Imported succesfully
2022-11-17 02:17:48,264:INFO:Starting cross validation
2022-11-17 02:17:48,267:INFO:Cross validating with StratifiedKFold(n_splits=10, random_state=None, shuffle=False), n_jobs=-1
2022-11-17 02:17:52,906:INFO:Calculating mean and std
2022-11-17 02:17:52,912:INFO:Creating metrics dataframe
2022-11-17 02:17:52,928:INFO:Uploading results into container
2022-11-17 02:17:52,929:INFO:Uploading model into container now
2022-11-17 02:17:52,930:INFO:create_model_container: 13
2022-11-17 02:17:52,930:INFO:master_model_container: 13
2022-11-17 02:17:52,930:INFO:display_container: 2
2022-11-17 02:17:52,933:INFO:LGBMClassifier(boosting_type='gbdt', class_weight=None, colsample_bytree=1.0,
               importance_type='split', learning_rate=0.1, max_depth=-1,
               min_child_samples=20, min_child_weight=0.001, min_split_gain=0.0,
               n_estimators=100, n_jobs=-1, num_leaves=31, objective=None,
               random_state=123, reg_alpha=0.0, reg_lambda=0.0, silent='warn',
               subsample=1.0, subsample_for_bin=200000, subsample_freq=0)
2022-11-17 02:17:52,933:INFO:create_model() succesfully completed......................................
2022-11-17 02:17:53,162:INFO:SubProcess create_model() end ==================================
2022-11-17 02:17:53,163:INFO:Creating metrics dataframe
2022-11-17 02:17:53,215:INFO:Initializing Dummy Classifier
2022-11-17 02:17:53,216:INFO:Total runtime is 3.266493992010752 minutes
2022-11-17 02:17:53,244:INFO:SubProcess create_model() called ==================================
2022-11-17 02:17:53,246:INFO:Initializing create_model()
2022-11-17 02:17:53,247:INFO:create_model(estimator=dummy, fold=StratifiedKFold(n_splits=10, random_state=None, shuffle=False), round=4, cross_validation=True, predict=True, fit_kwargs={}, groups=None, refit=False, verbose=False, system=False, metrics=None, experiment_custom_tags=None, add_to_model_list=True, probability_threshold=None, display=<pycaret.internal.Display.Display object at 0x000001ECDFB6ACA0>, return_train_score=False, kwargs={})
2022-11-17 02:17:53,247:INFO:Checking exceptions
2022-11-17 02:17:53,247:INFO:Importing libraries
2022-11-17 02:17:53,248:INFO:Copying training dataset
2022-11-17 02:17:53,260:INFO:Defining folds
2022-11-17 02:17:53,260:INFO:Declaring metric variables
2022-11-17 02:17:53,297:INFO:Importing untrained model
2022-11-17 02:17:53,332:INFO:Dummy Classifier Imported succesfully
2022-11-17 02:17:53,402:INFO:Starting cross validation
2022-11-17 02:17:53,404:INFO:Cross validating with StratifiedKFold(n_splits=10, random_state=None, shuffle=False), n_jobs=-1
2022-11-17 02:17:53,667:INFO:Calculating mean and std
2022-11-17 02:17:53,670:INFO:Creating metrics dataframe
2022-11-17 02:17:53,686:INFO:Uploading results into container
2022-11-17 02:17:53,686:INFO:Uploading model into container now
2022-11-17 02:17:53,686:INFO:create_model_container: 14
2022-11-17 02:17:53,687:INFO:master_model_container: 14
2022-11-17 02:17:53,687:INFO:display_container: 2
2022-11-17 02:17:53,688:INFO:DummyClassifier(constant=None, random_state=123, strategy='prior')
2022-11-17 02:17:53,688:INFO:create_model() succesfully completed......................................
2022-11-17 02:17:53,905:INFO:SubProcess create_model() end ==================================
2022-11-17 02:17:53,905:INFO:Creating metrics dataframe
2022-11-17 02:17:54,029:INFO:Initializing create_model()
2022-11-17 02:17:54,030:INFO:create_model(estimator=RidgeClassifier(alpha=1.0, class_weight=None, copy_X=True, fit_intercept=True,
                max_iter=None, normalize=False, random_state=123, solver='auto',
                tol=0.001), fold=StratifiedKFold(n_splits=10, random_state=None, shuffle=False), round=4, cross_validation=False, predict=False, fit_kwargs={}, groups=None, refit=True, verbose=False, system=False, metrics=None, experiment_custom_tags=None, add_to_model_list=True, probability_threshold=None, display=None, return_train_score=False, kwargs={})
2022-11-17 02:17:54,030:INFO:Checking exceptions
2022-11-17 02:17:54,031:INFO:Importing libraries
2022-11-17 02:17:54,031:INFO:Copying training dataset
2022-11-17 02:17:54,042:INFO:Defining folds
2022-11-17 02:17:54,043:INFO:Declaring metric variables
2022-11-17 02:17:54,044:INFO:Importing untrained model
2022-11-17 02:17:54,044:INFO:Declaring custom model
2022-11-17 02:17:54,046:INFO:Ridge Classifier Imported succesfully
2022-11-17 02:17:54,047:INFO:Cross validation set to False
2022-11-17 02:17:54,047:INFO:Fitting Model
2022-11-17 02:17:54,155:INFO:RidgeClassifier(alpha=1.0, class_weight=None, copy_X=True, fit_intercept=True,
                max_iter=None, normalize=False, random_state=123, solver='auto',
                tol=0.001)
2022-11-17 02:17:54,155:INFO:create_models() succesfully completed......................................
2022-11-17 02:17:54,484:INFO:create_model_container: 14
2022-11-17 02:17:54,484:INFO:master_model_container: 14
2022-11-17 02:17:54,485:INFO:display_container: 2
2022-11-17 02:17:54,487:INFO:RidgeClassifier(alpha=1.0, class_weight=None, copy_X=True, fit_intercept=True,
                max_iter=None, normalize=False, random_state=123, solver='auto',
                tol=0.001)
2022-11-17 02:17:54,487:INFO:compare_models() succesfully completed......................................
2022-11-17 02:18:19,377:INFO:Initializing create_model()
2022-11-17 02:18:19,378:INFO:create_model(estimator=rf, fold=None, round=4, cross_validation=True, predict=True, fit_kwargs=None, groups=None, refit=True, verbose=True, system=True, metrics=None, experiment_custom_tags=None, add_to_model_list=True, probability_threshold=None, display=None, return_train_score=False, kwargs={})
2022-11-17 02:18:19,378:INFO:Checking exceptions
2022-11-17 02:18:19,378:INFO:Preparing display monitor
2022-11-17 02:18:19,422:INFO:Importing libraries
2022-11-17 02:18:19,423:INFO:Copying training dataset
2022-11-17 02:18:19,434:INFO:Defining folds
2022-11-17 02:18:19,434:INFO:Declaring metric variables
2022-11-17 02:18:19,452:INFO:Importing untrained model
2022-11-17 02:18:19,474:INFO:Random Forest Classifier Imported succesfully
2022-11-17 02:18:19,517:INFO:Starting cross validation
2022-11-17 02:18:19,519:INFO:Cross validating with StratifiedKFold(n_splits=10, random_state=None, shuffle=False), n_jobs=-1
2022-11-17 02:18:40,864:INFO:Calculating mean and std
2022-11-17 02:18:40,868:INFO:Creating metrics dataframe
2022-11-17 02:18:40,912:INFO:Finalizing model
2022-11-17 02:18:44,168:INFO:Uploading results into container
2022-11-17 02:18:44,169:INFO:Uploading model into container now
2022-11-17 02:18:44,213:INFO:create_model_container: 15
2022-11-17 02:18:44,214:INFO:master_model_container: 15
2022-11-17 02:18:44,214:INFO:display_container: 3
2022-11-17 02:18:44,216:INFO:RandomForestClassifier(bootstrap=True, ccp_alpha=0.0, class_weight=None,
                       criterion='gini', max_depth=None, max_features='auto',
                       max_leaf_nodes=None, max_samples=None,
                       min_impurity_decrease=0.0, min_impurity_split=None,
                       min_samples_leaf=1, min_samples_split=2,
                       min_weight_fraction_leaf=0.0, n_estimators=100,
                       n_jobs=-1, oob_score=False, random_state=123, verbose=0,
                       warm_start=False)
2022-11-17 02:18:44,217:INFO:create_model() succesfully completed......................................
2022-11-17 02:18:44,533:INFO:Initializing plot_model()
2022-11-17 02:18:44,533:INFO:plot_model(fold=None, use_train_data=False, verbose=True, is_in_evaluate=False, display=None, display_format=None, estimator=RandomForestClassifier(bootstrap=True, ccp_alpha=0.0, class_weight=None,
                       criterion='gini', max_depth=None, max_features='auto',
                       max_leaf_nodes=None, max_samples=None,
                       min_impurity_decrease=0.0, min_impurity_split=None,
                       min_samples_leaf=1, min_samples_split=2,
                       min_weight_fraction_leaf=0.0, n_estimators=100,
                       n_jobs=-1, oob_score=False, random_state=123, verbose=0,
                       warm_start=False), feature_name=None, fit_kwargs=None, groups=None, label=False, plot=auc, plot_kwargs=None, save=False, scale=1, system=True)
2022-11-17 02:18:44,533:INFO:Checking exceptions
2022-11-17 02:18:44,595:INFO:Preparing display monitor
2022-11-17 02:18:44,615:INFO:Preloading libraries
2022-11-17 02:18:44,750:INFO:Copying training dataset
2022-11-17 02:18:44,765:INFO:Copying test dataset
2022-11-17 02:18:44,771:INFO:Plot type: auc
2022-11-17 02:18:44,865:INFO:Initializing get_config()
2022-11-17 02:18:44,865:INFO:get_config(variable=prep_pipe)
2022-11-17 02:18:44,880:INFO:Global variable: prep_pipe returned as Pipeline(memory=None,
         steps=[('dtypes',
                 DataTypes_Auto_infer(categorical_features=[],
                                      display_types=True, features_todrop=[],
                                      id_columns=[],
                                      ml_usecase='classification',
                                      numerical_features=[], target='default',
                                      time_features=[])),
                ('imputer',
                 Simple_Imputer(categorical_strategy='not_available',
                                fill_value_categorical=None,
                                fill_value_numerical=None,
                                numeric_stra...
                ('scaling', 'passthrough'), ('P_transform', 'passthrough'),
                ('binn', 'passthrough'), ('rem_outliers', 'passthrough'),
                ('cluster_all', 'passthrough'),
                ('dummy', Dummify(target='default')),
                ('fix_perfect', Remove_100(target='default')),
                ('clean_names', Clean_Colum_Names()),
                ('feature_select', 'passthrough'), ('fix_multi', 'passthrough'),
                ('dfs', 'passthrough'), ('pca', 'passthrough')],
         verbose=False)
2022-11-17 02:18:44,880:INFO:get_config() succesfully completed......................................
2022-11-17 02:18:45,002:INFO:Fitting Model
2022-11-17 02:18:45,007:INFO:Scoring test/hold-out set
2022-11-17 02:18:46,217:INFO:Visual Rendered Successfully
2022-11-17 02:18:46,467:INFO:plot_model() succesfully completed......................................
2022-11-17 02:18:46,669:INFO:Initializing plot_model()
2022-11-17 02:18:46,670:INFO:plot_model(fold=None, use_train_data=False, verbose=True, is_in_evaluate=False, display=None, display_format=None, estimator=RandomForestClassifier(bootstrap=True, ccp_alpha=0.0, class_weight=None,
                       criterion='gini', max_depth=None, max_features='auto',
                       max_leaf_nodes=None, max_samples=None,
                       min_impurity_decrease=0.0, min_impurity_split=None,
                       min_samples_leaf=1, min_samples_split=2,
                       min_weight_fraction_leaf=0.0, n_estimators=100,
                       n_jobs=-1, oob_score=False, random_state=123, verbose=0,
                       warm_start=False), feature_name=None, fit_kwargs=None, groups=None, label=False, plot=confusion_matrix, plot_kwargs=None, save=False, scale=1, system=True)
2022-11-17 02:18:46,670:INFO:Checking exceptions
2022-11-17 02:18:46,772:INFO:Preparing display monitor
2022-11-17 02:18:46,800:INFO:Preloading libraries
2022-11-17 02:18:46,978:INFO:Copying training dataset
2022-11-17 02:18:46,992:INFO:Copying test dataset
2022-11-17 02:18:47,001:INFO:Plot type: confusion_matrix
2022-11-17 02:18:47,178:INFO:Initializing get_config()
2022-11-17 02:18:47,178:INFO:get_config(variable=prep_pipe)
2022-11-17 02:18:47,210:INFO:Global variable: prep_pipe returned as Pipeline(memory=None,
         steps=[('dtypes',
                 DataTypes_Auto_infer(categorical_features=[],
                                      display_types=True, features_todrop=[],
                                      id_columns=[],
                                      ml_usecase='classification',
                                      numerical_features=[], target='default',
                                      time_features=[])),
                ('imputer',
                 Simple_Imputer(categorical_strategy='not_available',
                                fill_value_categorical=None,
                                fill_value_numerical=None,
                                numeric_stra...
                ('scaling', 'passthrough'), ('P_transform', 'passthrough'),
                ('binn', 'passthrough'), ('rem_outliers', 'passthrough'),
                ('cluster_all', 'passthrough'),
                ('dummy', Dummify(target='default')),
                ('fix_perfect', Remove_100(target='default')),
                ('clean_names', Clean_Colum_Names()),
                ('feature_select', 'passthrough'), ('fix_multi', 'passthrough'),
                ('dfs', 'passthrough'), ('pca', 'passthrough')],
         verbose=False)
2022-11-17 02:18:47,211:INFO:get_config() succesfully completed......................................
2022-11-17 02:18:47,269:INFO:Fitting Model
2022-11-17 02:18:47,277:INFO:Scoring test/hold-out set
2022-11-17 02:18:48,049:INFO:Visual Rendered Successfully
2022-11-17 02:18:48,268:INFO:plot_model() succesfully completed......................................
2022-11-17 02:18:48,396:INFO:Initializing predict_model()
2022-11-17 02:18:48,397:INFO:predict_model(estimator=RandomForestClassifier(bootstrap=True, ccp_alpha=0.0, class_weight=None,
                       criterion='gini', max_depth=None, max_features='auto',
                       max_leaf_nodes=None, max_samples=None,
                       min_impurity_decrease=0.0, min_impurity_split=None,
                       min_samples_leaf=1, min_samples_split=2,
                       min_weight_fraction_leaf=0.0, n_estimators=100,
                       n_jobs=-1, oob_score=False, random_state=123, verbose=0,
                       warm_start=False), probability_threshold=None, encoded_labels=False, drift_report=False, raw_score=False, round=4, verbose=True, ml_usecase=MLUsecase.CLASSIFICATION, display=None, drift_kwargs=None)
2022-11-17 02:18:48,398:INFO:Checking exceptions
2022-11-17 02:18:48,398:INFO:Preloading libraries
2022-11-17 02:18:48,399:INFO:Preparing display monitor
